<?xml version="1.0" encoding="UTF-8"?>
<!-- Generated by org.testng.reporters.JUnitXMLReporter -->
<testsuite ignored="0" hostname="HYDL-001375A" failures="1" tests="3" name="OrangeHRMLogin" time="21.788" errors="0" timestamp="2024-03-13T21:36:42 IST">
  <testcase classname="com.OrangeHRM.execution.TestExecution" name="loginWithValidDetails" time="4.363"/>
  <testcase classname="com.OrangeHRM.execution.TestExecution" name="loginWithInValidDetails" time="2.387">
    <failure type="java.lang.AssertionError" message="expected [Home123] but found [OrangeHRM]">
      <![CDATA[java.lang.AssertionError: expected [Home123] but found [OrangeHRM]
at com.OrangeHRM.execution.TestExecution.loginWithInValidDetails(TestExecution.java:50)
at java.base/java.util.ArrayList.forEach(ArrayList.java:1511)
... Removed 33 stack frames]]>
    </failure>
  </testcase> <!-- loginWithInValidDetails -->
  <testcase classname="com.OrangeHRM.execution.TestExecution" name="LoginTest" time="0.002">
    <skipped/>
  </testcase> <!-- LoginTest -->
</testsuite> <!-- OrangeHRMLogin -->
